<?xml version="1.0" encoding="UTF-8"?>
<testng-results ignored="1" total="4" passed="2" failed="1" skipped="0">
  <reporter-output>
  </reporter-output>
  <suite started-at="2019-09-09T15:44:38Z" name="Default suite" finished-at="2019-09-09T15:44:38Z" duration-ms="137">
    <groups>
      <group name="Sanity">
        <method signature="TestNGSample.sample2()[pri:1, instance:org.mymavenproject.TestNGSample@49e5f737]" name="sample2" class="org.mymavenproject.TestNGSample"/>
      </group> <!-- Sanity -->
      <group name="Regression">
        <method signature="TestNGSample.sample()[pri:3, instance:org.mymavenproject.TestNGSample@49e5f737]" name="sample" class="org.mymavenproject.TestNGSample"/>
      </group> <!-- Regression -->
      <group name="Smoke">
        <method signature="TestNGSample.sample3()[pri:2, instance:org.mymavenproject.TestNGSample@49e5f737]" name="sample3" class="org.mymavenproject.TestNGSample"/>
      </group> <!-- Smoke -->
    </groups>
    <test started-at="2019-09-09T15:44:38Z" name="Default test" finished-at="2019-09-09T15:44:38Z" duration-ms="137">
      <class name="org.mymavenproject.TestNGSample">
        <test-method is-config="true" signature="beforeclass()[pri:0, instance:org.mymavenproject.TestNGSample@49e5f737]" started-at="2019-09-09T15:44:38Z" name="beforeclass" finished-at="2019-09-09T15:44:38Z" duration-ms="22" status="PASS">
          <reporter-output>
          </reporter-output>
        </test-method> <!-- beforeclass -->
        <test-method is-config="true" signature="before()[pri:0, instance:org.mymavenproject.TestNGSample@49e5f737]" started-at="2019-09-09T15:44:38Z" name="before" finished-at="2019-09-09T15:44:38Z" duration-ms="1" status="PASS">
          <reporter-output>
          </reporter-output>
        </test-method> <!-- before -->
        <test-method signature="sample2()[pri:1, instance:org.mymavenproject.TestNGSample@49e5f737]" started-at="2019-09-09T15:44:38Z" name="sample2" finished-at="2019-09-09T15:44:38Z" duration-ms="16" status="FAIL">
          <exception class="java.lang.AssertionError">
            <message>
              <![CDATA[expected [false] but found [true]]]>
            </message>
            <full-stacktrace>
              <![CDATA[java.lang.AssertionError: expected [false] but found [true]
at org.testng.Assert.fail(Assert.java:96)
at org.testng.Assert.failNotEquals(Assert.java:776)
at org.testng.Assert.assertEqualsImpl(Assert.java:137)
at org.testng.Assert.assertEquals(Assert.java:118)
at org.testng.Assert.assertEquals(Assert.java:568)
at org.testng.Assert.assertEquals(Assert.java:578)
at org.mymavenproject.TestNGSample.sample2(TestNGSample.java:46)
at java.base/jdk.internal.reflect.NativeMethodAccessorImpl.invoke0(Native Method)
at java.base/jdk.internal.reflect.NativeMethodAccessorImpl.invoke(NativeMethodAccessorImpl.java:62)
at java.base/jdk.internal.reflect.DelegatingMethodAccessorImpl.invoke(DelegatingMethodAccessorImpl.java:43)
at java.base/java.lang.reflect.Method.invoke(Method.java:566)
at org.testng.internal.MethodInvocationHelper.invokeMethod(MethodInvocationHelper.java:124)
at org.testng.internal.Invoker.invokeMethod(Invoker.java:583)
at org.testng.internal.Invoker.invokeTestMethod(Invoker.java:719)
at org.testng.internal.Invoker.invokeTestMethods(Invoker.java:989)
at org.testng.internal.TestMethodWorker.invokeTestMethods(TestMethodWorker.java:125)
at org.testng.internal.TestMethodWorker.run(TestMethodWorker.java:109)
at org.testng.TestRunner.privateRun(TestRunner.java:648)
at org.testng.TestRunner.run(TestRunner.java:505)
at org.testng.SuiteRunner.runTest(SuiteRunner.java:455)
at org.testng.SuiteRunner.runSequentially(SuiteRunner.java:450)
at org.testng.SuiteRunner.privateRun(SuiteRunner.java:415)
at org.testng.SuiteRunner.run(SuiteRunner.java:364)
at org.testng.SuiteRunnerWorker.runSuite(SuiteRunnerWorker.java:52)
at org.testng.SuiteRunnerWorker.run(SuiteRunnerWorker.java:84)
at org.testng.TestNG.runSuitesSequentially(TestNG.java:1208)
at org.testng.TestNG.runSuitesLocally(TestNG.java:1137)
at org.testng.TestNG.runSuites(TestNG.java:1049)
at org.testng.TestNG.run(TestNG.java:1017)
at org.testng.remote.AbstractRemoteTestNG.run(AbstractRemoteTestNG.java:115)
at org.testng.remote.RemoteTestNG.initAndRun(RemoteTestNG.java:251)
at org.testng.remote.RemoteTestNG.main(RemoteTestNG.java:77)
]]>
            </full-stacktrace>
          </exception> <!-- java.lang.AssertionError -->
          <reporter-output>
          </reporter-output>
        </test-method> <!-- sample2 -->
        <test-method is-config="true" signature="after()[pri:0, instance:org.mymavenproject.TestNGSample@49e5f737]" started-at="2019-09-09T15:44:38Z" name="after" finished-at="2019-09-09T15:44:38Z" duration-ms="1" status="PASS">
          <reporter-output>
          </reporter-output>
        </test-method> <!-- after -->
        <test-method is-config="true" signature="before()[pri:0, instance:org.mymavenproject.TestNGSample@49e5f737]" started-at="2019-09-09T15:44:38Z" name="before" finished-at="2019-09-09T15:44:38Z" duration-ms="0" status="PASS">
          <reporter-output>
          </reporter-output>
        </test-method> <!-- before -->
        <test-method signature="sample3()[pri:2, instance:org.mymavenproject.TestNGSample@49e5f737]" started-at="2019-09-09T15:44:38Z" name="sample3" finished-at="2019-09-09T15:44:38Z" duration-ms="3" status="PASS">
          <reporter-output>
          </reporter-output>
        </test-method> <!-- sample3 -->
        <test-method is-config="true" signature="after()[pri:0, instance:org.mymavenproject.TestNGSample@49e5f737]" started-at="2019-09-09T15:44:38Z" name="after" finished-at="2019-09-09T15:44:38Z" duration-ms="1" status="PASS">
          <reporter-output>
          </reporter-output>
        </test-method> <!-- after -->
        <test-method is-config="true" signature="before()[pri:0, instance:org.mymavenproject.TestNGSample@49e5f737]" started-at="2019-09-09T15:44:38Z" name="before" finished-at="2019-09-09T15:44:38Z" duration-ms="1" status="PASS">
          <reporter-output>
          </reporter-output>
        </test-method> <!-- before -->
        <test-method signature="sample()[pri:3, instance:org.mymavenproject.TestNGSample@49e5f737]" started-at="2019-09-09T15:44:38Z" name="sample" finished-at="2019-09-09T15:44:38Z" duration-ms="3" status="PASS">
          <reporter-output>
          </reporter-output>
        </test-method> <!-- sample -->
        <test-method is-config="true" signature="after()[pri:0, instance:org.mymavenproject.TestNGSample@49e5f737]" started-at="2019-09-09T15:44:38Z" name="after" finished-at="2019-09-09T15:44:38Z" duration-ms="0" status="PASS">
          <reporter-output>
          </reporter-output>
        </test-method> <!-- after -->
        <test-method is-config="true" signature="afterclass()[pri:0, instance:org.mymavenproject.TestNGSample@49e5f737]" started-at="2019-09-09T15:44:38Z" name="afterclass" finished-at="2019-09-09T15:44:38Z" duration-ms="0" status="PASS">
          <reporter-output>
          </reporter-output>
        </test-method> <!-- afterclass -->
      </class> <!-- org.mymavenproject.TestNGSample -->
    </test> <!-- Default test -->
  </suite> <!-- Default suite -->
</testng-results>
